{"/Users/webber/www/node/koa-wechat-mini-program-auth/src/NOT_RECOMMENDED_cache.js": {"path":"/Users/webber/www/node/koa-wechat-mini-program-auth/src/NOT_RECOMMENDED_cache.js","statementMap":{},"fnMap":{},"branchMap":{},"s":{},"f":{},"b":{},"_coverageSchema":"332fd63041d2c1bcb487cc26dd0d5f7d97098a6c","hash":"c8104c3541f73223f68ec8591a2dd62b31a7f07b"}
,"/Users/webber/www/node/koa-wechat-mini-program-auth/src/constants.js": {"path":"/Users/webber/www/node/koa-wechat-mini-program-auth/src/constants.js","statementMap":{"0":{"start":{"line":1,"column":25},"end":{"line":1,"column":71}},"1":{"start":{"line":3,"column":34},"end":{"line":3,"column":53}},"2":{"start":{"line":4,"column":32},"end":{"line":4,"column":44}}},"fnMap":{},"branchMap":{},"s":{"0":1,"1":1,"2":1},"f":{},"b":{},"_coverageSchema":"332fd63041d2c1bcb487cc26dd0d5f7d97098a6c","hash":"685c27476b9f79ece179910fa384efe2518f4fa4"}
,"/Users/webber/www/node/koa-wechat-mini-program-auth/src/createHelperMiddleware.js": {"path":"/Users/webber/www/node/koa-wechat-mini-program-auth/src/createHelperMiddleware.js","statementMap":{"0":{"start":{"line":22,"column":5},"end":{"line":22,"column":11}},"1":{"start":{"line":24,"column":1},"end":{"line":24,"column":34}},"2":{"start":{"line":25,"column":1},"end":{"line":25,"column":42}},"3":{"start":{"line":27,"column":18},"end":{"line":27,"column":20}},"4":{"start":{"line":28,"column":18},"end":{"line":32,"column":2}},"5":{"start":{"line":29,"column":2},"end":{"line":29,"column":52}},"6":{"start":{"line":29,"column":32},"end":{"line":29,"column":52}},"7":{"start":{"line":30,"column":2},"end":{"line":30,"column":22}},"8":{"start":{"line":31,"column":2},"end":{"line":31,"column":18}},"9":{"start":{"line":34,"column":14},"end":{"line":34,"column":43}},"10":{"start":{"line":35,"column":20},"end":{"line":35,"column":61}},"11":{"start":{"line":36,"column":23},"end":{"line":36,"column":70}},"12":{"start":{"line":37,"column":23},"end":{"line":37,"column":70}},"13":{"start":{"line":39,"column":1},"end":{"line":42,"column":2}},"14":{"start":{"line":40,"column":23},"end":{"line":40,"column":65}},"15":{"start":{"line":40,"column":43},"end":{"line":40,"column":53}},"16":{"start":{"line":41,"column":2},"end":{"line":41,"column":64}},"17":{"start":{"line":44,"column":20},"end":{"line":58,"column":2}},"18":{"start":{"line":45,"column":19},"end":{"line":45,"column":25}},"19":{"start":{"line":46,"column":2},"end":{"line":46,"column":33}},"20":{"start":{"line":47,"column":42},"end":{"line":51,"column":4}},"21":{"start":{"line":52,"column":2},"end":{"line":52,"column":55}},"22":{"start":{"line":53,"column":14},"end":{"line":53,"column":41}},"23":{"start":{"line":54,"column":2},"end":{"line":57,"column":4}},"24":{"start":{"line":60,"column":16},"end":{"line":67,"column":2}},"25":{"start":{"line":61,"column":13},"end":{"line":61,"column":37}},"26":{"start":{"line":62,"column":21},"end":{"line":62,"column":44}},"27":{"start":{"line":63,"column":2},"end":{"line":65,"column":3}},"28":{"start":{"line":64,"column":3},"end":{"line":64,"column":42}},"29":{"start":{"line":66,"column":2},"end":{"line":66,"column":20}},"30":{"start":{"line":69,"column":16},"end":{"line":94,"column":2}},"31":{"start":{"line":71,"column":19},"end":{"line":71,"column":43}},"32":{"start":{"line":72,"column":3},"end":{"line":72,"column":14}},"33":{"start":{"line":75,"column":22},"end":{"line":75,"column":42}},"34":{"start":{"line":76,"column":53},"end":{"line":76,"column":59}},"35":{"start":{"line":77,"column":3},"end":{"line":84,"column":6}},"36":{"start":{"line":87,"column":31},"end":{"line":87,"column":55}},"37":{"start":{"line":88,"column":20},"end":{"line":88,"column":58}},"38":{"start":{"line":89,"column":3},"end":{"line":89,"column":31}},"39":{"start":{"line":92,"column":3},"end":{"line":92,"column":24}},"40":{"start":{"line":96,"column":1},"end":{"line":99,"column":3}},"41":{"start":{"line":97,"column":2},"end":{"line":97,"column":31}},"42":{"start":{"line":98,"column":2},"end":{"line":98,"column":15}}},"fnMap":{"0":{"name":"createWechatMiniProgramMiddleware","decl":{"start":{"line":16,"column":24},"end":{"line":16,"column":57}},"loc":{"start":{"line":16,"column":71},"end":{"line":100,"column":1}},"line":16},"1":{"name":"(anonymous_1)","decl":{"start":{"line":28,"column":18},"end":{"line":28,"column":19}},"loc":{"start":{"line":28,"column":38},"end":{"line":32,"column":2}},"line":28},"2":{"name":"(anonymous_2)","decl":{"start":{"line":40,"column":36},"end":{"line":40,"column":37}},"loc":{"start":{"line":40,"column":43},"end":{"line":40,"column":53}},"line":40},"3":{"name":"applyLogin","decl":{"start":{"line":44,"column":35},"end":{"line":44,"column":45}},"loc":{"start":{"line":44,"column":59},"end":{"line":58,"column":2}},"line":44},"4":{"name":"verify","decl":{"start":{"line":60,"column":31},"end":{"line":60,"column":37}},"loc":{"start":{"line":60,"column":46},"end":{"line":67,"column":2}},"line":60},"5":{"name":"wechatMiniProgramAuthMiddleware","decl":{"start":{"line":96,"column":23},"end":{"line":96,"column":54}},"loc":{"start":{"line":96,"column":66},"end":{"line":99,"column":2}},"line":96}},"branchMap":{"0":{"loc":{"start":{"line":16,"column":58},"end":{"line":16,"column":69}},"type":"default-arg","locations":[{"start":{"line":16,"column":67},"end":{"line":16,"column":69}}],"line":16},"1":{"loc":{"start":{"line":20,"column":2},"end":{"line":20,"column":31}},"type":"default-arg","locations":[{"start":{"line":20,"column":13},"end":{"line":20,"column":31}}],"line":20},"2":{"loc":{"start":{"line":21,"column":2},"end":{"line":21,"column":28}},"type":"default-arg","locations":[{"start":{"line":21,"column":19},"end":{"line":21,"column":28}}],"line":21},"3":{"loc":{"start":{"line":29,"column":2},"end":{"line":29,"column":52}},"type":"if","locations":[{"start":{"line":29,"column":2},"end":{"line":29,"column":52}},{"start":{"line":29,"column":2},"end":{"line":29,"column":52}}],"line":29},"4":{"loc":{"start":{"line":39,"column":1},"end":{"line":42,"column":2}},"type":"if","locations":[{"start":{"line":39,"column":1},"end":{"line":42,"column":2}},{"start":{"line":39,"column":1},"end":{"line":42,"column":2}}],"line":39},"5":{"loc":{"start":{"line":44,"column":46},"end":{"line":44,"column":57}},"type":"default-arg","locations":[{"start":{"line":44,"column":55},"end":{"line":44,"column":57}}],"line":44},"6":{"loc":{"start":{"line":55,"column":8},"end":{"line":55,"column":50}},"type":"cond-expr","locations":[{"start":{"line":55,"column":24},"end":{"line":55,"column":27}},{"start":{"line":55,"column":30},"end":{"line":55,"column":50}}],"line":55},"7":{"loc":{"start":{"line":63,"column":2},"end":{"line":65,"column":3}},"type":"if","locations":[{"start":{"line":63,"column":2},"end":{"line":65,"column":3}},{"start":{"line":63,"column":2},"end":{"line":65,"column":3}}],"line":63},"8":{"loc":{"start":{"line":70,"column":14},"end":{"line":70,"column":25}},"type":"default-arg","locations":[{"start":{"line":70,"column":23},"end":{"line":70,"column":25}}],"line":70},"9":{"loc":{"start":{"line":74,"column":20},"end":{"line":74,"column":31}},"type":"default-arg","locations":[{"start":{"line":74,"column":29},"end":{"line":74,"column":31}}],"line":74},"10":{"loc":{"start":{"line":86,"column":28},"end":{"line":86,"column":39}},"type":"default-arg","locations":[{"start":{"line":86,"column":37},"end":{"line":86,"column":39}}],"line":86},"11":{"loc":{"start":{"line":91,"column":15},"end":{"line":91,"column":26}},"type":"default-arg","locations":[{"start":{"line":91,"column":24},"end":{"line":91,"column":26}}],"line":91}},"s":{"0":6,"1":6,"2":6,"3":6,"4":6,"5":24,"6":4,"7":20,"8":20,"9":6,"10":6,"11":6,"12":6,"13":6,"14":6,"15":20,"16":6,"17":6,"18":1,"19":1,"20":1,"21":1,"22":1,"23":1,"24":6,"25":4,"26":4,"27":4,"28":1,"29":3,"30":6,"31":1,"32":1,"33":2,"34":2,"35":2,"36":0,"37":0,"38":0,"39":2,"40":6,"41":6,"42":6},"f":{"0":6,"1":24,"2":20,"3":1,"4":4,"5":6},"b":{"0":[0],"1":[6],"2":[0],"3":[4,20],"4":[6,0],"5":[0],"6":[1,0],"7":[1,3],"8":[0],"9":[0],"10":[0],"11":[0]},"_coverageSchema":"332fd63041d2c1bcb487cc26dd0d5f7d97098a6c","hash":"df11e14d37973154eded1b8b29b8446f5f70960f"}
,"/Users/webber/www/node/koa-wechat-mini-program-auth/src/createMiddlewares.js": {"path":"/Users/webber/www/node/koa-wechat-mini-program-auth/src/createMiddlewares.js","statementMap":{"0":{"start":{"line":10,"column":5},"end":{"line":10,"column":11}},"1":{"start":{"line":8,"column":23},"end":{"line":8,"column":38}},"2":{"start":{"line":12,"column":26},"end":{"line":29,"column":2}},"3":{"start":{"line":16,"column":2},"end":{"line":28,"column":4}},"4":{"start":{"line":17,"column":3},"end":{"line":27,"column":4}},"5":{"start":{"line":18,"column":19},"end":{"line":18,"column":56}},"6":{"start":{"line":19,"column":4},"end":{"line":19,"column":43}},"7":{"start":{"line":22,"column":18},"end":{"line":22,"column":72}},"8":{"start":{"line":23,"column":4},"end":{"line":26,"column":5}},"9":{"start":{"line":24,"column":60},"end":{"line":24,"column":65}},"10":{"start":{"line":25,"column":5},"end":{"line":25,"column":36}},"11":{"start":{"line":31,"column":1},"end":{"line":61,"column":3}},"12":{"start":{"line":33,"column":3},"end":{"line":35,"column":6}},"13":{"start":{"line":34,"column":4},"end":{"line":34,"column":55}},"14":{"start":{"line":38,"column":3},"end":{"line":40,"column":6}},"15":{"start":{"line":39,"column":4},"end":{"line":39,"column":61}},"16":{"start":{"line":43,"column":3},"end":{"line":45,"column":6}},"17":{"start":{"line":44,"column":4},"end":{"line":44,"column":69}},"18":{"start":{"line":48,"column":15},"end":{"line":48,"column":49}},"19":{"start":{"line":49,"column":3},"end":{"line":53,"column":6}},"20":{"start":{"line":50,"column":21},"end":{"line":50,"column":74}},"21":{"start":{"line":51,"column":4},"end":{"line":51,"column":30}},"22":{"start":{"line":52,"column":4},"end":{"line":52,"column":17}},"23":{"start":{"line":56,"column":3},"end":{"line":59,"column":6}},"24":{"start":{"line":57,"column":4},"end":{"line":57,"column":45}},"25":{"start":{"line":58,"column":4},"end":{"line":58,"column":17}}},"fnMap":{"0":{"name":"createWechatMiniProgramMiddlewares","decl":{"start":{"line":4,"column":24},"end":{"line":4,"column":58}},"loc":{"start":{"line":4,"column":72},"end":{"line":62,"column":1}},"line":4},"1":{"name":"(anonymous_1)","decl":{"start":{"line":8,"column":14},"end":{"line":8,"column":15}},"loc":{"start":{"line":8,"column":23},"end":{"line":8,"column":38}},"line":8},"2":{"name":"createMiddleware","decl":{"start":{"line":12,"column":41},"end":{"line":12,"column":57}},"loc":{"start":{"line":15,"column":3},"end":{"line":29,"column":2}},"line":15},"3":{"name":"middleware","decl":{"start":{"line":16,"column":24},"end":{"line":16,"column":34}},"loc":{"start":{"line":16,"column":46},"end":{"line":28,"column":3}},"line":16},"4":{"name":"(anonymous_4)","decl":{"start":{"line":33,"column":36},"end":{"line":33,"column":37}},"loc":{"start":{"line":33,"column":59},"end":{"line":35,"column":4}},"line":33},"5":{"name":"(anonymous_5)","decl":{"start":{"line":38,"column":36},"end":{"line":38,"column":37}},"loc":{"start":{"line":38,"column":59},"end":{"line":40,"column":4}},"line":38},"6":{"name":"(anonymous_6)","decl":{"start":{"line":43,"column":36},"end":{"line":43,"column":37}},"loc":{"start":{"line":43,"column":59},"end":{"line":45,"column":4}},"line":43},"7":{"name":"(anonymous_7)","decl":{"start":{"line":49,"column":36},"end":{"line":49,"column":37}},"loc":{"start":{"line":49,"column":65},"end":{"line":53,"column":4}},"line":49},"8":{"name":"(anonymous_8)","decl":{"start":{"line":56,"column":36},"end":{"line":56,"column":37}},"loc":{"start":{"line":56,"column":65},"end":{"line":59,"column":4}},"line":56}},"branchMap":{"0":{"loc":{"start":{"line":4,"column":59},"end":{"line":4,"column":70}},"type":"default-arg","locations":[{"start":{"line":4,"column":68},"end":{"line":4,"column":70}}],"line":4},"1":{"loc":{"start":{"line":6,"column":2},"end":{"line":6,"column":31}},"type":"default-arg","locations":[{"start":{"line":6,"column":13},"end":{"line":6,"column":31}}],"line":6},"2":{"loc":{"start":{"line":7,"column":2},"end":{"line":7,"column":32}},"type":"default-arg","locations":[{"start":{"line":7,"column":16},"end":{"line":7,"column":32}}],"line":7},"3":{"loc":{"start":{"line":8,"column":2},"end":{"line":8,"column":38}},"type":"default-arg","locations":[{"start":{"line":8,"column":14},"end":{"line":8,"column":38}}],"line":8},"4":{"loc":{"start":{"line":13,"column":2},"end":{"line":13,"column":14}},"type":"default-arg","locations":[{"start":{"line":13,"column":12},"end":{"line":13,"column":14}}],"line":13},"5":{"loc":{"start":{"line":18,"column":20},"end":{"line":18,"column":50}},"type":"binary-expr","locations":[{"start":{"line":18,"column":20},"end":{"line":18,"column":37}},{"start":{"line":18,"column":41},"end":{"line":18,"column":50}}],"line":18},"6":{"loc":{"start":{"line":22,"column":18},"end":{"line":22,"column":72}},"type":"cond-expr","locations":[{"start":{"line":22,"column":47},"end":{"line":22,"column":66}},{"start":{"line":22,"column":69},"end":{"line":22,"column":72}}],"line":22},"7":{"loc":{"start":{"line":23,"column":4},"end":{"line":26,"column":5}},"type":"if","locations":[{"start":{"line":23,"column":4},"end":{"line":26,"column":5}},{"start":{"line":23,"column":4},"end":{"line":26,"column":5}}],"line":23},"8":{"loc":{"start":{"line":24,"column":13},"end":{"line":24,"column":29}},"type":"default-arg","locations":[{"start":{"line":24,"column":26},"end":{"line":24,"column":29}}],"line":24},"9":{"loc":{"start":{"line":24,"column":31},"end":{"line":24,"column":55}},"type":"default-arg","locations":[{"start":{"line":24,"column":41},"end":{"line":24,"column":55}}],"line":24},"10":{"loc":{"start":{"line":47,"column":7},"end":{"line":47,"column":19}},"type":"default-arg","locations":[{"start":{"line":47,"column":17},"end":{"line":47,"column":19}}],"line":47},"11":{"loc":{"start":{"line":48,"column":15},"end":{"line":48,"column":49}},"type":"binary-expr","locations":[{"start":{"line":48,"column":15},"end":{"line":48,"column":34}},{"start":{"line":48,"column":38},"end":{"line":48,"column":49}}],"line":48}},"s":{"0":6,"1":0,"2":6,"3":0,"4":0,"5":0,"6":0,"7":0,"8":0,"9":0,"10":0,"11":6,"12":0,"13":0,"14":0,"15":0,"16":0,"17":0,"18":0,"19":0,"20":0,"21":0,"22":0,"23":0,"24":0,"25":0},"f":{"0":6,"1":0,"2":0,"3":0,"4":0,"5":0,"6":0,"7":0,"8":0},"b":{"0":[0],"1":[6],"2":[6],"3":[6],"4":[0],"5":[0,0],"6":[0,0],"7":[0,0],"8":[0],"9":[0],"10":[0],"11":[0,0]},"_coverageSchema":"332fd63041d2c1bcb487cc26dd0d5f7d97098a6c","hash":"4f099901f656c31e9986eacab916eff821d78e16"}
,"/Users/webber/www/node/koa-wechat-mini-program-auth/src/decryptAESData.js": {"path":"/Users/webber/www/node/koa-wechat-mini-program-auth/src/decryptAESData.js","statementMap":{"0":{"start":{"line":9,"column":1},"end":{"line":9,"column":48}},"1":{"start":{"line":10,"column":1},"end":{"line":10,"column":54}},"2":{"start":{"line":11,"column":1},"end":{"line":11,"column":32}},"3":{"start":{"line":15,"column":1},"end":{"line":24,"column":2}},"4":{"start":{"line":16,"column":19},"end":{"line":16,"column":73}},"5":{"start":{"line":17,"column":2},"end":{"line":17,"column":32}},"6":{"start":{"line":18,"column":2},"end":{"line":18,"column":61}},"7":{"start":{"line":19,"column":2},"end":{"line":19,"column":36}},"8":{"start":{"line":20,"column":2},"end":{"line":20,"column":32}},"9":{"start":{"line":23,"column":2},"end":{"line":23,"column":36}},"10":{"start":{"line":26,"column":36},"end":{"line":26,"column":43}},"11":{"start":{"line":28,"column":1},"end":{"line":30,"column":2}},"12":{"start":{"line":29,"column":2},"end":{"line":29,"column":36}},"13":{"start":{"line":32,"column":1},"end":{"line":32,"column":17}}},"fnMap":{"0":{"name":"decryptBizData","decl":{"start":{"line":3,"column":24},"end":{"line":3,"column":38}},"loc":{"start":{"line":8,"column":3},"end":{"line":33,"column":1}},"line":8}},"branchMap":{"0":{"loc":{"start":{"line":28,"column":1},"end":{"line":30,"column":2}},"type":"if","locations":[{"start":{"line":28,"column":1},"end":{"line":30,"column":2}},{"start":{"line":28,"column":1},"end":{"line":30,"column":2}}],"line":28}},"s":{"0":1,"1":1,"2":1,"3":1,"4":1,"5":1,"6":1,"7":1,"8":1,"9":0,"10":1,"11":1,"12":0,"13":1},"f":{"0":1},"b":{"0":[0,1]},"_coverageSchema":"332fd63041d2c1bcb487cc26dd0d5f7d97098a6c","hash":"2587c0a8f77a58685074d008a29d5a77c2cc8915"}
,"/Users/webber/www/node/koa-wechat-mini-program-auth/src/getUserInfo.js": {"path":"/Users/webber/www/node/koa-wechat-mini-program-auth/src/getUserInfo.js","statementMap":{"0":{"start":{"line":6,"column":58},"end":{"line":6,"column":64}},"1":{"start":{"line":7,"column":1},"end":{"line":9,"column":2}},"2":{"start":{"line":8,"column":2},"end":{"line":8,"column":46}},"3":{"start":{"line":10,"column":1},"end":{"line":12,"column":2}},"4":{"start":{"line":11,"column":2},"end":{"line":11,"column":30}},"5":{"start":{"line":13,"column":1},"end":{"line":16,"column":3}}},"fnMap":{"0":{"name":"getUserInfo","decl":{"start":{"line":5,"column":24},"end":{"line":5,"column":35}},"loc":{"start":{"line":5,"column":49},"end":{"line":17,"column":1}},"line":5}},"branchMap":{"0":{"loc":{"start":{"line":5,"column":36},"end":{"line":5,"column":47}},"type":"default-arg","locations":[{"start":{"line":5,"column":45},"end":{"line":5,"column":47}}],"line":5},"1":{"loc":{"start":{"line":7,"column":1},"end":{"line":9,"column":2}},"type":"if","locations":[{"start":{"line":7,"column":1},"end":{"line":9,"column":2}},{"start":{"line":7,"column":1},"end":{"line":9,"column":2}}],"line":7},"2":{"loc":{"start":{"line":7,"column":5},"end":{"line":7,"column":24}},"type":"binary-expr","locations":[{"start":{"line":7,"column":5},"end":{"line":7,"column":18}},{"start":{"line":7,"column":22},"end":{"line":7,"column":24}}],"line":7},"3":{"loc":{"start":{"line":10,"column":1},"end":{"line":12,"column":2}},"type":"if","locations":[{"start":{"line":10,"column":1},"end":{"line":12,"column":2}},{"start":{"line":10,"column":1},"end":{"line":12,"column":2}}],"line":10},"4":{"loc":{"start":{"line":10,"column":5},"end":{"line":10,"column":25}},"type":"binary-expr","locations":[{"start":{"line":10,"column":5},"end":{"line":10,"column":12}},{"start":{"line":10,"column":16},"end":{"line":10,"column":25}}],"line":10}},"s":{"0":2,"1":2,"2":1,"3":1,"4":1,"5":0},"f":{"0":2},"b":{"0":[0],"1":[1,1],"2":[2,1],"3":[1,0],"4":[1,1]},"_coverageSchema":"332fd63041d2c1bcb487cc26dd0d5f7d97098a6c","hash":"6c2a982463e83bc34aa9b74dc2dbd2ab4f90f4cb"}
,"/Users/webber/www/node/koa-wechat-mini-program-auth/src/index.js": {"path":"/Users/webber/www/node/koa-wechat-mini-program-auth/src/index.js","statementMap":{"0":{"start":{"line":5,"column":20},"end":{"line":5,"column":50}},"1":{"start":{"line":6,"column":1},"end":{"line":6,"column":71}},"2":{"start":{"line":7,"column":1},"end":{"line":7,"column":19}}},"fnMap":{"0":{"name":"wechatMiniProgramAuth","decl":{"start":{"line":4,"column":24},"end":{"line":4,"column":45}},"loc":{"start":{"line":4,"column":59},"end":{"line":8,"column":1}},"line":4}},"branchMap":{"0":{"loc":{"start":{"line":4,"column":46},"end":{"line":4,"column":57}},"type":"default-arg","locations":[{"start":{"line":4,"column":55},"end":{"line":4,"column":57}}],"line":4}},"s":{"0":6,"1":6,"2":6},"f":{"0":6},"b":{"0":[0]},"_coverageSchema":"332fd63041d2c1bcb487cc26dd0d5f7d97098a6c","hash":"5c412d98eb603ab421052c5acebfb50474903a3f"}
,"/Users/webber/www/node/koa-wechat-mini-program-auth/src/parseRawData.js": {"path":"/Users/webber/www/node/koa-wechat-mini-program-auth/src/parseRawData.js","statementMap":{"0":{"start":{"line":4,"column":16},"end":{"line":4,"column":42}},"1":{"start":{"line":5,"column":1},"end":{"line":7,"column":2}},"2":{"start":{"line":6,"column":2},"end":{"line":6,"column":39}},"3":{"start":{"line":8,"column":1},"end":{"line":8,"column":28}}},"fnMap":{"0":{"name":"parseRawData","decl":{"start":{"line":3,"column":24},"end":{"line":3,"column":36}},"loc":{"start":{"line":3,"column":73},"end":{"line":9,"column":1}},"line":3}},"branchMap":{"0":{"loc":{"start":{"line":5,"column":1},"end":{"line":7,"column":2}},"type":"if","locations":[{"start":{"line":5,"column":1},"end":{"line":7,"column":2}},{"start":{"line":5,"column":1},"end":{"line":7,"column":2}}],"line":5}},"s":{"0":1,"1":1,"2":0,"3":1},"f":{"0":1},"b":{"0":[0,1]},"_coverageSchema":"332fd63041d2c1bcb487cc26dd0d5f7d97098a6c","hash":"28283aee6a6d68569d5df4ff5807640f8f419c94"}
,"/Users/webber/www/node/koa-wechat-mini-program-auth/src/requestLogin.js": {"path":"/Users/webber/www/node/koa-wechat-mini-program-auth/src/requestLogin.js","statementMap":{"0":{"start":{"line":5,"column":15},"end":{"line":10,"column":3}},"1":{"start":{"line":11,"column":17},"end":{"line":11,"column":34}},"2":{"start":{"line":12,"column":13},"end":{"line":12,"column":33}},"3":{"start":{"line":13,"column":38},"end":{"line":13,"column":54}},"4":{"start":{"line":14,"column":1},"end":{"line":18,"column":2}},"5":{"start":{"line":15,"column":14},"end":{"line":15,"column":31}},"6":{"start":{"line":16,"column":2},"end":{"line":16,"column":21}},"7":{"start":{"line":17,"column":2},"end":{"line":17,"column":12}},"8":{"start":{"line":19,"column":1},"end":{"line":19,"column":36}},"9":{"start":{"line":20,"column":1},"end":{"line":20,"column":13}}},"fnMap":{"0":{"name":"requestLogin","decl":{"start":{"line":4,"column":30},"end":{"line":4,"column":42}},"loc":{"start":{"line":4,"column":76},"end":{"line":21,"column":1}},"line":4}},"branchMap":{"0":{"loc":{"start":{"line":14,"column":1},"end":{"line":18,"column":2}},"type":"if","locations":[{"start":{"line":14,"column":1},"end":{"line":18,"column":2}},{"start":{"line":14,"column":1},"end":{"line":18,"column":2}}],"line":14}},"s":{"0":1,"1":1,"2":1,"3":1,"4":1,"5":0,"6":0,"7":0,"8":1,"9":1},"f":{"0":1},"b":{"0":[0,1]},"_coverageSchema":"332fd63041d2c1bcb487cc26dd0d5f7d97098a6c","hash":"8ac49a84b591e884aad10b6d1cebdafc7b343fc4"}
,"/Users/webber/www/node/koa-wechat-mini-program-auth/src/utils.js": {"path":"/Users/webber/www/node/koa-wechat-mini-program-auth/src/utils.js","statementMap":{"0":{"start":{"line":6,"column":22},"end":{"line":6,"column":73}},"1":{"start":{"line":6,"column":36},"end":{"line":6,"column":73}},"2":{"start":{"line":7,"column":20},"end":{"line":7,"column":65}},"3":{"start":{"line":7,"column":32},"end":{"line":7,"column":65}},"4":{"start":{"line":9,"column":24},"end":{"line":9,"column":52}},"5":{"start":{"line":9,"column":31},"end":{"line":9,"column":52}},"6":{"start":{"line":10,"column":24},"end":{"line":10,"column":52}},"7":{"start":{"line":10,"column":31},"end":{"line":10,"column":52}},"8":{"start":{"line":11,"column":26},"end":{"line":11,"column":56}},"9":{"start":{"line":11,"column":33},"end":{"line":11,"column":56}},"10":{"start":{"line":13,"column":27},"end":{"line":13,"column":51}},"11":{"start":{"line":13,"column":40},"end":{"line":13,"column":50}},"12":{"start":{"line":15,"column":33},"end":{"line":20,"column":1}},"13":{"start":{"line":16,"column":1},"end":{"line":18,"column":2}},"14":{"start":{"line":17,"column":2},"end":{"line":17,"column":42}},"15":{"start":{"line":19,"column":1},"end":{"line":19,"column":15}},"16":{"start":{"line":22,"column":36},"end":{"line":22,"column":65}},"17":{"start":{"line":22,"column":48},"end":{"line":22,"column":65}},"18":{"start":{"line":24,"column":36},"end":{"line":26,"column":1}},"19":{"start":{"line":25,"column":1},"end":{"line":25,"column":31}},"20":{"start":{"line":28,"column":20},"end":{"line":32,"column":16}},"21":{"start":{"line":29,"column":1},"end":{"line":32,"column":16}}},"fnMap":{"0":{"name":"(anonymous_0)","decl":{"start":{"line":6,"column":22},"end":{"line":6,"column":23}},"loc":{"start":{"line":6,"column":36},"end":{"line":6,"column":73}},"line":6},"1":{"name":"(anonymous_1)","decl":{"start":{"line":7,"column":20},"end":{"line":7,"column":21}},"loc":{"start":{"line":7,"column":32},"end":{"line":7,"column":65}},"line":7},"2":{"name":"(anonymous_2)","decl":{"start":{"line":9,"column":24},"end":{"line":9,"column":25}},"loc":{"start":{"line":9,"column":31},"end":{"line":9,"column":52}},"line":9},"3":{"name":"(anonymous_3)","decl":{"start":{"line":10,"column":24},"end":{"line":10,"column":25}},"loc":{"start":{"line":10,"column":31},"end":{"line":10,"column":52}},"line":10},"4":{"name":"(anonymous_4)","decl":{"start":{"line":11,"column":26},"end":{"line":11,"column":27}},"loc":{"start":{"line":11,"column":33},"end":{"line":11,"column":56}},"line":11},"5":{"name":"(anonymous_5)","decl":{"start":{"line":13,"column":27},"end":{"line":13,"column":28}},"loc":{"start":{"line":13,"column":40},"end":{"line":13,"column":50}},"line":13},"6":{"name":"(anonymous_6)","decl":{"start":{"line":15,"column":33},"end":{"line":15,"column":34}},"loc":{"start":{"line":15,"column":49},"end":{"line":20,"column":1}},"line":15},"7":{"name":"(anonymous_7)","decl":{"start":{"line":22,"column":36},"end":{"line":22,"column":37}},"loc":{"start":{"line":22,"column":48},"end":{"line":22,"column":65}},"line":22},"8":{"name":"(anonymous_8)","decl":{"start":{"line":24,"column":36},"end":{"line":24,"column":37}},"loc":{"start":{"line":24,"column":64},"end":{"line":26,"column":1}},"line":24},"9":{"name":"(anonymous_9)","decl":{"start":{"line":28,"column":20},"end":{"line":28,"column":21}},"loc":{"start":{"line":29,"column":1},"end":{"line":32,"column":16}},"line":29}},"branchMap":{"0":{"loc":{"start":{"line":16,"column":1},"end":{"line":18,"column":2}},"type":"if","locations":[{"start":{"line":16,"column":1},"end":{"line":18,"column":2}},{"start":{"line":16,"column":1},"end":{"line":18,"column":2}}],"line":16}},"s":{"0":1,"1":13,"2":1,"3":6,"4":1,"5":4,"6":1,"7":1,"8":1,"9":24,"10":1,"11":1,"12":1,"13":4,"14":0,"15":4,"16":1,"17":0,"18":1,"19":1,"20":1,"21":2},"f":{"0":13,"1":6,"2":4,"3":1,"4":24,"5":1,"6":4,"7":0,"8":1,"9":2},"b":{"0":[0,4]},"_coverageSchema":"332fd63041d2c1bcb487cc26dd0d5f7d97098a6c","hash":"1b89aa70cf578c58ab5238af8221a31078362945"}
}
