TN:
SF:/Users/webber/www/node/koa-wechat-mini-program-auth/src/NOT_RECOMMENDED_cache.js
FNF:0
FNH:0
LF:0
LH:0
BRF:0
BRH:0
end_of_record
TN:
SF:/Users/webber/www/node/koa-wechat-mini-program-auth/src/constants.js
FNF:0
FNH:0
DA:1,1
DA:3,1
DA:4,1
LF:3
LH:3
BRF:0
BRH:0
end_of_record
TN:
SF:/Users/webber/www/node/koa-wechat-mini-program-auth/src/createHelperMiddleware.js
FN:16,createWechatMiniProgramMiddleware
FN:28,(anonymous_1)
FN:40,(anonymous_2)
FN:44,applyLogin
FN:60,verify
FN:96,wechatMiniProgramAuthMiddleware
FNF:6
FNH:6
FNDA:6,createWechatMiniProgramMiddleware
FNDA:24,(anonymous_1)
FNDA:20,(anonymous_2)
FNDA:1,applyLogin
FNDA:4,verify
FNDA:6,wechatMiniProgramAuthMiddleware
DA:22,6
DA:24,6
DA:25,6
DA:27,6
DA:28,6
DA:29,24
DA:30,20
DA:31,20
DA:34,6
DA:35,6
DA:36,6
DA:37,6
DA:39,6
DA:40,20
DA:41,6
DA:44,6
DA:45,1
DA:46,1
DA:47,1
DA:52,1
DA:53,1
DA:54,1
DA:60,6
DA:61,4
DA:62,4
DA:63,4
DA:64,1
DA:66,3
DA:69,6
DA:71,1
DA:72,1
DA:75,2
DA:76,2
DA:77,2
DA:87,0
DA:88,0
DA:89,0
DA:92,2
DA:96,6
DA:97,6
DA:98,6
LF:41
LH:38
BRDA:16,0,0,0
BRDA:20,1,0,6
BRDA:21,2,0,0
BRDA:29,3,0,4
BRDA:29,3,1,20
BRDA:39,4,0,6
BRDA:39,4,1,0
BRDA:44,5,0,0
BRDA:55,6,0,1
BRDA:55,6,1,0
BRDA:63,7,0,1
BRDA:63,7,1,3
BRDA:70,8,0,0
BRDA:74,9,0,0
BRDA:86,10,0,0
BRDA:91,11,0,0
BRF:16
BRH:7
end_of_record
TN:
SF:/Users/webber/www/node/koa-wechat-mini-program-auth/src/createMiddlewares.js
FN:4,createWechatMiniProgramMiddlewares
FN:8,(anonymous_1)
FN:12,createMiddleware
FN:16,middleware
FN:33,(anonymous_4)
FN:38,(anonymous_5)
FN:43,(anonymous_6)
FN:49,(anonymous_7)
FN:56,(anonymous_8)
FNF:9
FNH:1
FNDA:6,createWechatMiniProgramMiddlewares
FNDA:0,(anonymous_1)
FNDA:0,createMiddleware
FNDA:0,middleware
FNDA:0,(anonymous_4)
FNDA:0,(anonymous_5)
FNDA:0,(anonymous_6)
FNDA:0,(anonymous_7)
FNDA:0,(anonymous_8)
DA:8,0
DA:10,6
DA:12,6
DA:16,0
DA:17,0
DA:18,0
DA:19,0
DA:22,0
DA:23,0
DA:24,0
DA:25,0
DA:31,6
DA:33,0
DA:34,0
DA:38,0
DA:39,0
DA:43,0
DA:44,0
DA:48,0
DA:49,0
DA:50,0
DA:51,0
DA:52,0
DA:56,0
DA:57,0
DA:58,0
LF:26
LH:3
BRDA:4,0,0,0
BRDA:6,1,0,6
BRDA:7,2,0,6
BRDA:8,3,0,6
BRDA:13,4,0,0
BRDA:18,5,0,0
BRDA:18,5,1,0
BRDA:22,6,0,0
BRDA:22,6,1,0
BRDA:23,7,0,0
BRDA:23,7,1,0
BRDA:24,8,0,0
BRDA:24,9,0,0
BRDA:47,10,0,0
BRDA:48,11,0,0
BRDA:48,11,1,0
BRF:16
BRH:3
end_of_record
TN:
SF:/Users/webber/www/node/koa-wechat-mini-program-auth/src/decryptAESData.js
FN:3,decryptBizData
FNF:1
FNH:1
FNDA:1,decryptBizData
DA:9,1
DA:10,1
DA:11,1
DA:15,1
DA:16,1
DA:17,1
DA:18,1
DA:19,1
DA:20,1
DA:23,0
DA:26,1
DA:28,1
DA:29,0
DA:32,1
LF:14
LH:12
BRDA:28,0,0,0
BRDA:28,0,1,1
BRF:2
BRH:1
end_of_record
TN:
SF:/Users/webber/www/node/koa-wechat-mini-program-auth/src/getUserInfo.js
FN:5,getUserInfo
FNF:1
FNH:1
FNDA:2,getUserInfo
DA:6,2
DA:7,2
DA:8,1
DA:10,1
DA:11,1
DA:13,0
LF:6
LH:5
BRDA:5,0,0,0
BRDA:7,1,0,1
BRDA:7,1,1,1
BRDA:7,2,0,2
BRDA:7,2,1,1
BRDA:10,3,0,1
BRDA:10,3,1,0
BRDA:10,4,0,1
BRDA:10,4,1,1
BRF:9
BRH:7
end_of_record
TN:
SF:/Users/webber/www/node/koa-wechat-mini-program-auth/src/index.js
FN:4,wechatMiniProgramAuth
FNF:1
FNH:1
FNDA:6,wechatMiniProgramAuth
DA:5,6
DA:6,6
DA:7,6
LF:3
LH:3
BRDA:4,0,0,0
BRF:1
BRH:0
end_of_record
TN:
SF:/Users/webber/www/node/koa-wechat-mini-program-auth/src/parseRawData.js
FN:3,parseRawData
FNF:1
FNH:1
FNDA:1,parseRawData
DA:4,1
DA:5,1
DA:6,0
DA:8,1
LF:4
LH:3
BRDA:5,0,0,0
BRDA:5,0,1,1
BRF:2
BRH:1
end_of_record
TN:
SF:/Users/webber/www/node/koa-wechat-mini-program-auth/src/requestLogin.js
FN:4,requestLogin
FNF:1
FNH:1
FNDA:1,requestLogin
DA:5,1
DA:11,1
DA:12,1
DA:13,1
DA:14,1
DA:15,0
DA:16,0
DA:17,0
DA:19,1
DA:20,1
LF:10
LH:7
BRDA:14,0,0,0
BRDA:14,0,1,1
BRF:2
BRH:1
end_of_record
TN:
SF:/Users/webber/www/node/koa-wechat-mini-program-auth/src/utils.js
FN:6,(anonymous_0)
FN:7,(anonymous_1)
FN:9,(anonymous_2)
FN:10,(anonymous_3)
FN:11,(anonymous_4)
FN:13,(anonymous_5)
FN:15,(anonymous_6)
FN:22,(anonymous_7)
FN:24,(anonymous_8)
FN:28,(anonymous_9)
FNF:10
FNH:9
FNDA:13,(anonymous_0)
FNDA:6,(anonymous_1)
FNDA:4,(anonymous_2)
FNDA:1,(anonymous_3)
FNDA:24,(anonymous_4)
FNDA:1,(anonymous_5)
FNDA:4,(anonymous_6)
FNDA:0,(anonymous_7)
FNDA:1,(anonymous_8)
FNDA:2,(anonymous_9)
DA:6,13
DA:7,6
DA:9,4
DA:10,1
DA:11,24
DA:13,1
DA:15,1
DA:16,4
DA:17,0
DA:19,4
DA:22,1
DA:24,1
DA:25,1
DA:28,1
DA:29,2
LF:15
LH:14
BRDA:16,0,0,0
BRDA:16,0,1,4
BRF:2
BRH:1
end_of_record
